<html>
<body>
<pre>
<h1>µVision Build Log</h1>
<h2>Tool Versions:</h2>
IDE-Version: ¦ÌVision V5.27.1.0
Copyright (C) 2019 ARM Ltd and ARM Germany GmbH. All rights reserved.
License Information: ewe Qiao, ee, LIC=SDJCX-HSZAR-PJR6P-M1CU6-6XJRE-7FUH8
 
Tool Versions:
Toolchain:       PK51 Prof. Developers Kit  Version: 9.60.0.0
Toolchain Path:  D:\APP\Keil\C51\BIN
C Compiler:      C51.exe V9.60.0.0
Assembler:       A51.exe V8.2.7.0
Linker/Locator:  BL51.exe V6.22.2.0
Library Manager: LIB51.exe V4.30.1.0
Hex Converter:   OH51.exe V2.7.0.0
CPU DLL:         S8051.DLL V3.122.0.0
Dialog DLL:      DP51.DLL V2.67.0.0 
<h2>Project:</h2>
D:\projects\c51\nRF24L01\24L01test.uvproj
Project File Date:  11/09/2022

<h2>Output:</h2>
Rebuild target 'Target 1'
compiling main.c...
compiling nRF24L01P.c...
nRF24L01P.h(4): warning C318: can't open file 'STC15.H'
nRF24L01P.h(5): warning C318: can't open file 'Sys.h'
nRF24L01P.h(7): warning C318: can't open file 'Timer.h'
nRF24L01P.c(32): error C202: 'P13': undefined identifier
nRF24L01P.c(34): error C202: 'P13': undefined identifier
nRF24L01P.c(36): error C202: 'P15': undefined identifier
nRF24L01P.c(37): error C202: 'P14': undefined identifier
nRF24L01P.c(38): error C202: 'P15': undefined identifier
nRF24L01P.c(49): error C202: 'P16': undefined identifier
nRF24L01P.c(52): error C202: 'P16': undefined identifier
nRF24L01P.c(63): error C202: 'P16': undefined identifier
nRF24L01P.c(67): error C202: 'P16': undefined identifier
nRF24L01P.c(79): error C202: 'P16': undefined identifier
nRF24L01P.c(82): error C202: 'P16': undefined identifier
nRF24L01P.c(95): error C202: 'P16': undefined identifier
nRF24L01P.c(99): error C202: 'P16': undefined identifier
nRF24L01P.c(113): error C202: 'P17': undefined identifier
nRF24L01P.c(115): error C202: 'P17': undefined identifier
nRF24L01P.c(123): error C202: 'P15': undefined identifier
nRF24L01P.c(124): error C202: 'P16': undefined identifier
nRF24L01P.c(125): error C202: 'P17': undefined identifier
nRF24L01P.c(126): error C202: 'P12': undefined identifier
nRF24L01P.c(128): error C202: 'P17': undefined identifier
nRF24L01P.c(135): error C202: 'P17': undefined identifier
nRF24L01P.c(144): error C202: 'P17': undefined identifier
nRF24L01P.c(148): error C202: 'P17': undefined identifier
nRF24L01P.c(158): error C202: 'P17': undefined identifier
nRF24L01P.c(176): error C202: 'P12': undefined identifier
nRF24L01P.c(184): error C202: 'ON': undefined identifier
nRF24L01P.c(187): error C202: 'OFF': undefined identifier
nRF24L01P.c(201): error C202: 'P17': undefined identifier
nRF24L01P.c(203): error C202: 'P17': undefined identifier
nRF24L01P.c(205): error C202: 'P12': undefined identifier
nRF24L01P.c(209): error C202: 'ON': undefined identifier
nRF24L01P.c(211): error C202: 'OFF': undefined identifier
nRF24L01P.c(226): error C300: unterminated comment
Target not created.
Build Time Elapsed:  00:00:00
</pre>
</body>
</html>
